# JRE version: Java(TM) SE Runtime Environment 18.9 (11.0.13+10) (build 11.0.13+10-LTS-370)
# Java VM: Java HotSpot(TM) 64-Bit Server VM 18.9 (11.0.13+10-LTS-370, mixed mode, tiered, compressed oops, g1 gc, windows-amd64)
Heap:
 garbage-first heap   total 315392K, used 27254K [0x0000000700a00000, 0x0000000800000000)
  region size 1024K, 14 young (14336K), 14 survivors (14336K)
 Metaspace       used 54691K, capacity 56275K, committed 56528K, reserved 1097728K
  class space    used 7268K, capacity 7928K, committed 7936K, reserved 1048576K
GC Heap History (10 events):
Event: 1.761 GC heap after
{Heap after GC invocations=3 (full 0):
 garbage-first heap   total 262144K, used 10189K [0x0000000700a00000, 0x0000000800000000)
  region size 1024K, 2 young (2048K), 2 survivors (2048K)
 Metaspace       used 14429K, capacity 14818K, committed 15104K, reserved 1062912K
  class space    used 1530K, capacity 1676K, committed 1792K, reserved 1048576K
}
Event: 2.623 GC heap before
{Heap before GC invocations=3 (full 0):
 garbage-first heap   total 262144K, used 65485K [0x0000000700a00000, 0x0000000800000000)
  region size 1024K, 58 young (59392K), 2 survivors (2048K)
 Metaspace       used 20526K, capacity 21205K, committed 21296K, reserved 1069056K
  class space    used 2404K, capacity 2668K, committed 2688K, reserved 1048576K
}
Event: 2.627 GC heap after
{Heap after GC invocations=4 (full 0):
 garbage-first heap   total 262144K, used 10988K [0x0000000700a00000, 0x0000000800000000)
  region size 1024K, 3 young (3072K), 3 survivors (3072K)
 Metaspace       used 20526K, capacity 21205K, committed 21296K, reserved 1069056K
  class space    used 2404K, capacity 2668K, committed 2688K, reserved 1048576K
}
Event: 3.708 GC heap before
{Heap before GC invocations=5 (full 0):
 garbage-first heap   total 262144K, used 163564K [0x0000000700a00000, 0x0000000800000000)
  region size 1024K, 153 young (156672K), 3 survivors (3072K)
 Metaspace       used 28481K, capacity 29427K, committed 29568K, reserved 1075200K
  class space    used 3570K, capacity 3968K, committed 3968K, reserved 1048576K
}
Event: 3.715 GC heap after
{Heap after GC invocations=6 (full 0):
 garbage-first heap   total 262144K, used 14607K [0x0000000700a00000, 0x0000000800000000)
  region size 1024K, 6 young (6144K), 6 survivors (6144K)
 Metaspace       used 28481K, capacity 29427K, committed 29568K, reserved 1075200K
  class space    used 3570K, capacity 3968K, committed 3968K, reserved 1048576K
}
Event: 4.704 GC heap before
{Heap before GC invocations=6 (full 0):
 garbage-first heap   total 262144K, used 98575K [0x0000000700a00000, 0x0000000800000000)
  region size 1024K, 89 young (91136K), 6 survivors (6144K)
 Metaspace       used 34658K, capacity 35933K, committed 36048K, reserved 1081344K
  class space    used 4526K, capacity 5071K, committed 5120K, reserved 1048576K
}
Event: 4.712 GC heap after
{Heap after GC invocations=7 (full 0):
 garbage-first heap   total 262144K, used 17776K [0x0000000700a00000, 0x0000000800000000)
  region size 1024K, 9 young (9216K), 9 survivors (9216K)
 Metaspace       used 34658K, capacity 35933K, committed 36048K, reserved 1081344K
  class space    used 4526K, capacity 5071K, committed 5120K, reserved 1048576K
}
Event: 5.147 GC heap before
{Heap before GC invocations=8 (full 0):
 garbage-first heap   total 262144K, used 164208K [0x0000000700a00000, 0x0000000800000000)
  region size 1024K, 153 young (156672K), 9 survivors (9216K)
 Metaspace       used 37695K, capacity 39048K, committed 39248K, reserved 1083392K
  class space    used 4836K, capacity 5405K, committed 5504K, reserved 1048576K
}
Event: 5.157 GC heap after
{Heap after GC invocations=9 (full 0):
 garbage-first heap   total 262144K, used 21951K [0x0000000700a00000, 0x0000000800000000)
  region size 1024K, 13 young (13312K), 13 survivors (13312K)
 Metaspace       used 37695K, capacity 39048K, committed 39248K, reserved 1083392K
  class space    used 4836K, capacity 5405K, committed 5504K, reserved 1048576K
}
Event: 6.847 GC heap before
{Heap before GC invocations=9 (full 0):
 garbage-first heap   total 262144K, used 165311K [0x0000000700a00000, 0x0000000800000000)
  region size 1024K, 153 young (156672K), 13 survivors (13312K)
 Metaspace       used 54691K, capacity 56275K, committed 56528K, reserved 1097728K
  class space    used 7268K, capacity 7928K, committed 7936K, reserved 1048576K
}

